
==============================================================================
01 基础文件系统演示
==============================================================================

[STEP] 创建目录并检查当前工作目录
  $ pwd
    -> /
    [OK] 初始工作目录应为根目录
  $ mkdir /workspace
    -> <空输出，表示命令执行成功但没有返回文本>
  $ cd /workspace
    -> /workspace
    [OK] 切换目录后应进入 /workspace
  $ pwd
    -> /workspace
    [OK] pwd 应返回当前目录

[STEP] 创建文件、写入内容、再读取回来
  $ touch notes.txt
    -> <空输出，表示命令执行成功但没有返回文本>
  $ echo "hello tiny os" > notes.txt
    -> <空输出，表示命令执行成功但没有返回文本>
  $ cat notes.txt
    -> hello tiny os
    [OK] 文件内容应与写入内容一致

[STEP] 列出目录内容
  $ ls
    -> notes.txt
    [OK] ls 输出应包含新创建的文件

[STEP] 删除文件并确认目录已清空
  $ rm notes.txt
    -> <空输出，表示命令执行成功但没有返回文本>
  $ ls
    -> <空输出，表示命令执行成功但没有返回文本>
    [OK] 删除文件后目录应为空

[DONE] 01 基础文件系统演示完成。
