
==============================================================================
02 持久化与恢复演示
==============================================================================

[STEP] 第一次启动：创建目录和文件
  $ mkdir /data
    -> <空输出，表示命令执行成功但没有返回文本>
  $ cd /data
    -> /data
  $ touch state.txt
    -> <空输出，表示命令执行成功但没有返回文本>
  $ echo "persistent-state" > state.txt
    -> <空输出，表示命令执行成功但没有返回文本>
  $ cat state.txt
    -> persistent-state
    [OK] 首次启动写入内容应正确

[STEP] 第二次启动：重新打开同一磁盘，验证状态恢复
  $ cd /data
    -> /data
  $ cat state.txt
    -> persistent-state
    [OK] 重启后文件内容应恢复
  $ ls
    -> state.txt
    [OK] 重启后目录项应恢复

[DONE] 02 持久化与恢复演示完成。
