
==============================================================================
03 调度器与 Shell 多任务演示
==============================================================================

[STEP] 创建两个协作式任务
  - 创建进程 task-a，PID=100
  - 创建进程 task-b，PID=101

[STEP] 轮转执行 4 次，观察任务交替运行
    [TASK-A] 第 1 步
    [TASK-B] 第 1 步
    [TASK-A] 第 2 步
    [TASK-B] 第 2 步
    [OK] task-a 应被推进 2 次
    [OK] task-b 应被推进 2 次

[STEP] 查看当前进程表
  $ ps
    -> 100 task-a READY /
    -> 101 task-b READY /
    [OK] ps 输出应包含 task-a
    [OK] ps 输出应包含 task-b

[STEP] 继续调度直到进程退出
    [OK] task-a 应在执行完成后进入 ZOMBIE
    [OK] task-b 应在执行完成后进入 ZOMBIE

[STEP] 演示 kill 命令
  $ kill 102
    -> <空输出，表示命令执行成功但没有返回文本>
    [OK] kill 后进程应进入 ZOMBIE

[DONE] 03 调度器与 Shell 多任务演示完成。
